{
  "stats": {
    "suites": 1,
    "tests": 1,
    "passes": 1,
    "pending": 0,
    "failures": 0,
    "start": "2023-10-26T22:20:41.253Z",
    "end": "2023-10-26T22:21:02.442Z",
    "duration": 21189,
    "testsRegistered": 1,
    "passPercent": 100,
    "pendingPercent": 0,
    "other": 0,
    "hasOther": false,
    "skipped": 0,
    "hasSkipped": false
  },
  "results": [
    {
      "uuid": "9b3190a3-e452-47e9-a632-710faa7b3976",
      "title": "",
      "fullFile": "cypress\\e2e\\añadirEliminar.cy.js",
      "file": "cypress\\e2e\\añadirEliminar.cy.js",
      "beforeHooks": [],
      "afterHooks": [],
      "tests": [],
      "suites": [
        {
          "uuid": "55950177-f8bc-44af-9c91-c1045b9e479e",
          "title": "Añadir y eliminar un libro",
          "fullFile": "",
          "file": "",
          "beforeHooks": [],
          "afterHooks": [],
          "tests": [
            {
              "title": "Registrar un nuevo usuario",
              "fullTitle": "Añadir y eliminar un libro Registrar un nuevo usuario",
              "timedOut": null,
              "duration": 21113,
              "state": "passed",
              "speed": "slow",
              "pass": true,
              "fail": false,
              "pending": false,
              "context": null,
              "code": "Cypress.on(\"uncaught:exception\", () => {\n  return false;\n});\ncy.visit('/');\n_books.onBooks.registerUser();",
              "err": {},
              "uuid": "8d2ea455-b36f-4bbf-95dd-75ac21762ef7",
              "parentUUID": "55950177-f8bc-44af-9c91-c1045b9e479e",
              "isHook": false,
              "skipped": false
            }
          ],
          "suites": [],
          "passes": [
            "8d2ea455-b36f-4bbf-95dd-75ac21762ef7"
          ],
          "failures": [],
          "pending": [],
          "skipped": [],
          "duration": 21113,
          "root": false,
          "rootEmpty": false,
          "_timeout": 2000
        }
      ],
      "passes": [],
      "failures": [],
      "pending": [],
      "skipped": [],
      "duration": 0,
      "root": true,
      "rootEmpty": true,
      "_timeout": 2000
    }
  ],
  "meta": {
    "mocha": {
      "version": "7.0.1"
    },
    "mochawesome": {
      "options": {
        "quiet": false,
        "reportFilename": "mochawesome",
        "saveHtml": false,
        "saveJson": true,
        "consoleReporter": "spec",
        "useInlineDiffs": false,
        "code": true
      },
      "version": "7.1.3"
    },
    "marge": {
      "options": {
        "id": "default",
        "reportDir": "cypress/results/mochawesome",
        "overwrite": false,
        "html": false,
        "json": true
      },
      "version": "6.2.0"
    }
  }
}