{
  "stats": {
    "suites": 1,
    "tests": 1,
    "passes": 1,
    "pending": 0,
    "failures": 0,
    "start": "2023-10-30T13:48:11.026Z",
    "end": "2023-10-30T13:48:19.357Z",
    "duration": 8331,
    "testsRegistered": 1,
    "passPercent": 100,
    "pendingPercent": 0,
    "other": 0,
    "hasOther": false,
    "skipped": 0,
    "hasSkipped": false
  },
  "results": [
    {
      "uuid": "f02bb5b7-e8ec-4f70-a037-f64971b1f43b",
      "title": "",
      "fullFile": "cypress\\e2e\\searchBook.cy.js",
      "file": "cypress\\e2e\\searchBook.cy.js",
      "beforeHooks": [],
      "afterHooks": [],
      "tests": [],
      "suites": [
        {
          "uuid": "275ac65c-6b9b-4d8e-98d5-1d0d2a80cea9",
          "title": "Busqueda de libros",
          "fullFile": "",
          "file": "",
          "beforeHooks": [],
          "afterHooks": [],
          "tests": [
            {
              "title": "Buscar un nuevo libro",
              "fullTitle": "Busqueda de libros Buscar un nuevo libro",
              "timedOut": null,
              "duration": 8236,
              "state": "passed",
              "speed": "medium",
              "pass": true,
              "fail": false,
              "pending": false,
              "context": null,
              "code": "Cypress.on(\"uncaught:exception\", () => {\n  return false;\n});\ncy.visit(\"/\");\n_searchBooks.onSearchBooks.serachBooks();",
              "err": {},
              "uuid": "fb3f8499-ecef-41ad-ba71-339e6882bf06",
              "parentUUID": "275ac65c-6b9b-4d8e-98d5-1d0d2a80cea9",
              "isHook": false,
              "skipped": false
            }
          ],
          "suites": [],
          "passes": [
            "fb3f8499-ecef-41ad-ba71-339e6882bf06"
          ],
          "failures": [],
          "pending": [],
          "skipped": [],
          "duration": 8236,
          "root": false,
          "rootEmpty": false,
          "_timeout": 2000
        }
      ],
      "passes": [],
      "failures": [],
      "pending": [],
      "skipped": [],
      "duration": 0,
      "root": true,
      "rootEmpty": true,
      "_timeout": 2000
    }
  ],
  "meta": {
    "mocha": {
      "version": "7.0.1"
    },
    "mochawesome": {
      "options": {
        "quiet": false,
        "reportFilename": "mochawesome",
        "saveHtml": false,
        "saveJson": true,
        "consoleReporter": "spec",
        "useInlineDiffs": false,
        "code": true
      },
      "version": "7.1.3"
    },
    "marge": {
      "options": {
        "id": "default",
        "reportDir": "cypress/results/mochawesome",
        "overwrite": false,
        "html": false,
        "json": true
      },
      "version": "6.2.0"
    }
  }
}