{
  "stats": {
    "suites": 1,
    "tests": 1,
    "passes": 1,
    "pending": 0,
    "failures": 0,
    "start": "2023-10-30T13:04:30.139Z",
    "end": "2023-10-30T13:04:39.053Z",
    "duration": 8914,
    "testsRegistered": 1,
    "passPercent": 100,
    "pendingPercent": 0,
    "other": 0,
    "hasOther": false,
    "skipped": 0,
    "hasSkipped": false
  },
  "results": [
    {
      "uuid": "3021e3bd-5254-48dc-81a5-9ac595f61a4d",
      "title": "",
      "fullFile": "cypress\\e2e\\searchBook.cy.js",
      "file": "cypress\\e2e\\searchBook.cy.js",
      "beforeHooks": [],
      "afterHooks": [],
      "tests": [],
      "suites": [
        {
          "uuid": "c86de355-a982-41b5-9d9e-7b977af36ed6",
          "title": "Busqueda de libros",
          "fullFile": "",
          "file": "",
          "beforeHooks": [],
          "afterHooks": [],
          "tests": [
            {
              "title": "Buscar un nuevo libro",
              "fullTitle": "Busqueda de libros Buscar un nuevo libro",
              "timedOut": null,
              "duration": 8804,
              "state": "passed",
              "speed": "medium",
              "pass": true,
              "fail": false,
              "pending": false,
              "context": null,
              "code": "Cypress.on(\"uncaught:exception\", () => {\n  return false;\n});\ncy.visit(\"/\");\n_searchBooks.onSearchBooks.serachBooks();",
              "err": {},
              "uuid": "06e864d0-b7a4-41a7-ad79-36d6ea48b5ed",
              "parentUUID": "c86de355-a982-41b5-9d9e-7b977af36ed6",
              "isHook": false,
              "skipped": false
            }
          ],
          "suites": [],
          "passes": [
            "06e864d0-b7a4-41a7-ad79-36d6ea48b5ed"
          ],
          "failures": [],
          "pending": [],
          "skipped": [],
          "duration": 8804,
          "root": false,
          "rootEmpty": false,
          "_timeout": 2000
        }
      ],
      "passes": [],
      "failures": [],
      "pending": [],
      "skipped": [],
      "duration": 0,
      "root": true,
      "rootEmpty": true,
      "_timeout": 2000
    }
  ],
  "meta": {
    "mocha": {
      "version": "7.0.1"
    },
    "mochawesome": {
      "options": {
        "quiet": false,
        "reportFilename": "mochawesome",
        "saveHtml": false,
        "saveJson": true,
        "consoleReporter": "spec",
        "useInlineDiffs": false,
        "code": true
      },
      "version": "7.1.3"
    },
    "marge": {
      "options": {
        "id": "default",
        "reportDir": "cypress/results/mochawesome",
        "overwrite": false,
        "html": false,
        "json": true
      },
      "version": "6.2.0"
    }
  }
}