<?xml version="1.0" encoding="UTF-8"?>
<testsuites name="Mocha Tests" time="8.331" tests="1" failures="0">
  <testsuite name="Root Suite" timestamp="2023-10-30T13:48:11" tests="0" file="cypress\e2e\searchBook.cy.js" time="0.000" failures="0">
  </testsuite>
  <testsuite name="Busqueda de libros" timestamp="2023-10-30T13:48:11" tests="1" time="8.328" failures="0">
    <testcase name="Busqueda de libros Buscar un nuevo libro" time="8.236" classname="Buscar un nuevo libro">
    </testcase>
  </testsuite>
</testsuites>